app/build/outputs/mapping/release/seeds.txt
com.lunar.bestVPN.fragments.VipServersFragment_ViewBinding: VipServersFragment_ViewBinding(com.lunar.bestVPN.fragments.VipServersFragment,android.view.View)
com.lunar.bestVPN.fragments.VipServersFragment_ViewBinding
com.lunar.bestVPN.fragments.FreeServersFragment
com.lunar.bestVPN.activity.MainActivity: MainActivity()
com.lunar.bestVPN.activity.UIActivity: void OpenDrawer(android.view.View)
com.lunar.bestVPN.fragments.FreeServersFragment: FreeServersFragment()
com.lunar.bestVPN.activity.Faq: Faq()
com.lunar.bestVPN.fragments.ServersFragment
com.lunar.bestVPN.activity.MainActivity
com.lunar.bestVPN.activity.SplashActivity
com.lunar.bestVPN.activity.About: About()
com.lunar.bestVPN.adapter.RegionListAdapter$ViewHolder_ViewBinding
com.lunar.bestVPN.activity.UIActivity: UIActivity()
com.lunar.bestVPN.fragments.FreeServersFragment_ViewBinding
com.lunar.bestVPN.activity.MainActivity_ViewBinding
com.lunar.bestVPN.activity.SplashActivity: SplashActivity()
com.lunar.bestVPN.dialog.RegionChooserDialog: RegionChooserDialog()
com.lunar.bestVPN.activity.SplashActivity_ViewBinding
com.lunar.bestVPN.dialog.RegionChooserDialog_ViewBinding: RegionChooserDialog_ViewBinding(com.lunar.bestVPN.dialog.RegionChooserDialog,android.view.View)
com.lunar.bestVPN.fragments.ServersFragment_ViewBinding
com.lunar.bestVPN.MainApplication: MainApplication()
com.lunar.bestVPN.dialog.RegionChooserDialog_ViewBinding
com.lunar.bestVPN.fragments.ServersFragment: ServersFragment()
com.lunar.bestVPN.fragments.ServersFragment_ViewBinding: ServersFragment_ViewBinding(com.lunar.bestVPN.fragments.ServersFragment,android.view.View)
com.lunar.bestVPN.activity.MainActivity_ViewBinding: MainActivity_ViewBinding(com.lunar.bestVPN.activity.MainActivity,android.view.View)
com.lunar.bestVPN.activity.UIActivity_ViewBinding
com.lunar.bestVPN.activity.About
com.lunar.bestVPN.activity.SplashActivity_ViewBinding: SplashActivity_ViewBinding(com.lunar.bestVPN.activity.SplashActivity,android.view.View)
com.lunar.bestVPN.activity.Faq
com.lunar.bestVPN.fragments.VipServersFragment: VipServersFragment()
com.lunar.bestVPN.MainApplication
com.lunar.bestVPN.fragments.VipServersFragment
com.lunar.bestVPN.activity.UIActivity_ViewBinding: UIActivity_ViewBinding(com.lunar.bestVPN.activity.UIActivity,android.view.View)
com.lunar.bestVPN.dialog.RegionChooserDialog
com.lunar.bestVPN.activity.UIActivity
com.lunar.bestVPN.activity.UIActivity: void onConnectBtnClick(android.view.View)
com.lunar.bestVPN.fragments.FreeServersFragment_ViewBinding: FreeServersFragment_ViewBinding(com.lunar.bestVPN.fragments.FreeServersFragment,android.view.View)
com.lunar.bestVPN.adapter.RegionListAdapter$ViewHolder_ViewBinding: RegionListAdapter$ViewHolder_ViewBinding(com.lunar.bestVPN.adapter.RegionListAdapter$ViewHolder,android.view.View)
...
com.google.android.material.internal.ForegroundLinearLayout: void setForegroundGravity(int)
org.xbill.DNS.Compression
org.xbill.DNS.TSIG: TSIG(org.xbill.DNS.Name,byte[])
org.xbill.DNS.KEYBase: void rrFromWire(org.xbill.DNS.DNSInput)
com.google.android.gms.internal.ads.zzgkg: com.google.android.gms.internal.ads.zzgex zzs
org.xbill.DNS.CERTRecord$CertificateType: int PGP
androidx.work.Worker: com.google.common.util.concurrent.ListenableFuture startWork()
com.anchorfree.pingtool.VpnRouter
org.xbill.DNS.Cache: int getSize()
org.xbill.DNS.Cache$Element
com.google.android.gms.internal.ads.zzgkg: com.google.android.gms.internal.ads.zzgjk zzj
androidx.fragment.app.FragmentActivity: FragmentActivity()
org.xbill.DNS.KEYRecord$Flags: int SIG2
androidx.appcompat.widget.SearchView$SearchAutoComplete: void setThreshold(int)
com.facebook.ads.internal.api.AdComponentView: void addView(android.view.View,int,int)
androidx.appcompat.widget.Toolbar: java.util.ArrayList getCurrentMenuItems()
com.google.android.material.floatingactionbutton.FloatingActionButton: void setHideMotionSpec(com.google.android.material.animation.MotionSpec)
com.google.android.material.timepicker.TimeModel: android.os.Parcelable$Creator CREATOR
com.google.android.gms.internal.ads.zzgjt
com.anchorfree.sdk.fireshield.FireshieldCategory: FireshieldCategory(java.lang.String,java.lang.String,java.util.Map)
com.google.ads.mediation.AbstractAdViewAdapter: void onPause()
org.xbill.DNS.NSEC3Record: byte[] hashName(org.xbill.DNS.Name,int,int,byte[])
org.xbill.DNS.Record: org.xbill.DNS.Record fromWire(org.xbill.DNS.DNSInput,int,boolean)
org.xbill.DNS.UDPClient: void bind_random(java.net.InetSocketAddress)
com.facebook.ads.AdError: com.facebook.ads.AdError NO_FILL
com.anchorfree.hdr.HydraConnInfo: java.lang.String toString()
org.xbill.DNS.SimpleResolver: void setPort(int)
org.xbill.DNS.DNSSEC$Algorithm: int RSAMD5
com.google.android.material.button.MaterialButton: void setShapeAppearanceModel(com.google.android.material.shape.ShapeAppearanceModel)
com.anchorfree.hdr.AFHydra: java.lang.String getBuildTarget()
com.google.gson.internal.bind.DateTypeAdapter$1
androidx.appcompat.widget.AppCompatTextView: android.view.textclassifier.TextClassifier getTextClassifier()
org.xbill.DNS.DNSOutput: void save()
com.facebook.ads.AdSettings$IntegrationErrorMode: long serialVersionUID
org.xbill.DNS.Flags: int value(java.lang.String)
androidx.core.view.ViewCompat$Api19Impl: void notifySubtreeAccessibilityStateChanged(android.view.ViewParent,android.view.View,android.view.View,int)
androidx.appcompat.widget.AppCompatMultiAutoCompleteTextView: void setDropDownBackgroundResource(int)
com.google.android.gms.internal.ads.zzbbr: int zze
com.google.android.material.internal.NavigationMenuItemView: void setNeedsEmptyIcon(boolean)
com.anchorfree.sdk.rules.TrafficRule$IpRule: int port
org.xbill.DNS.Update: void add(org.xbill.DNS.RRset)
androidx.vectordrawable.graphics.drawable.VectorDrawableCompat$VFullPath: void setTrimPathOffset(float)
com.anchorfree.sdk.NotificationConfig: com.anchorfree.sdk.NotificationConfig$Builder newBuilder()
com.facebook.ads.NativeAdViewAttributes: com.facebook.ads.NativeAdViewAttributes setTitleTextColor(int)
com.google.android.material.appbar.AppBarLayout: void setExpanded(boolean)
org.xbill.DNS.Message: org.xbill.DNS.TSIG tsigkey
com.facebook.ads.internal.api.AdComponentView: void addView(android.view.View,android.view.ViewGroup$LayoutParams)
org.xbill.DNS.WKSRecord: WKSRecord(org.xbill.DNS.Name,int,long,java.net.InetAddress,int,int[])
androidx.constraintlayout.widget.Placeholder
org.xbill.DNS.SMIMEARecord: SMIMEARecord()
org.xbill.DNS.LOCRecord: void renderFixedPoint(java.lang.StringBuffer,java.text.NumberFormat,long,long)
com.facebook.ads.ExtraHints$Keyword: com.facebook.ads.ExtraHints$Keyword DOGS
androidx.fragment.app.FragmentState: android.os.Parcelable$Creator CREATOR
androidx.core.view.ViewCompat$Api26Impl: int getImportantForAutofill(android.view.View)