app/build/outputs/mapping/release/mapping.txt
# compiler: R8
# compiler_version: 2.1.86
# min_api: 19
# pg_map_id: 7d755f0
# common_typos_disable
com.lunar.bestVPN.Config -> com.lunar.bestVPN.a:
    boolean servers_subscription -> a
    boolean isVPNConnected -> b
com.lunar.bestVPN.LockModel -> com.lunar.bestVPN.b:
    boolean lock -> a
    boolean isLock() -> a
    void setLock(boolean) -> b
com.lunar.bestVPN.MainApplication -> com.lunar.bestVPN.MainApplication:
    com.anchorfree.sdk.UnifiedSDK unifiedSDK -> c
    android.content.Context context -> d
    void createNotificationChannel() -> a
    android.content.Context getApplication() -> b
    android.content.SharedPreferences getPrefs() -> c
    android.content.Context getStaticContext() -> d
    void initHydraSdk() -> e
    void setNewHostAndCarrier(java.lang.String,java.lang.String) -> f
com.lunar.bestVPN.activity.-$$Lambda$About$v8w0KHm6ZPeCqpPkn0PIJ1d6z2g -> com.lunar.bestVPN.activity.a:
    com.lunar.bestVPN.activity.About f$0 -> c
com.lunar.bestVPN.activity.-$$Lambda$Faq$Xmk1umBcFWnQnceOZu28YZmwuiw -> com.lunar.bestVPN.activity.b:
    com.lunar.bestVPN.activity.Faq f$0 -> c
com.lunar.bestVPN.activity.-$$Lambda$SplashActivity$1$aJ8nxNeHqWTFlhn-NOdRn7frfBs -> com.lunar.bestVPN.activity.c:
    com.lunar.bestVPN.activity.SplashActivity$1 f$0 -> c
com.lunar.bestVPN.activity.-$$Lambda$UIActivity$7I-xDUNl5ysyQ98bb27Ctu1f46M -> com.lunar.bestVPN.activity.d:
    com.lunar.bestVPN.activity.UIActivity f$0 -> a
    void onUserEarnedReward(com.google.android.gms.ads.rewarded.RewardItem) -> c
com.lunar.bestVPN.activity.-$$Lambda$UIActivity$8$3loq4FZW2VAVM_NLJpr8V3lnDPA -> com.lunar.bestVPN.activity.e:
    java.lang.String f$0 -> c
com.lunar.bestVPN.activity.-$$Lambda$UIActivity$EjiAgkHU6AZbZ9OhCyTpyzVPBGw -> com.lunar.bestVPN.activity.f:
    com.lunar.bestVPN.activity.UIActivity f$0 -> a
    void onNativeAdLoaded(com.google.android.gms.ads.nativead.NativeAd) -> a
com.lunar.bestVPN.activity.-$$Lambda$UIActivity$HlegRPbCO1lklAHRo2YG6mlLqBY -> com.lunar.bestVPN.activity.g:
    com.lunar.bestVPN.activity.UIActivity f$0 -> c
com.lunar.bestVPN.activity.-$$Lambda$UIActivity$MHw7xNJ9XKTTM3X1cCA1Nvukrn0 -> com.lunar.bestVPN.activity.h:
    com.lunar.bestVPN.activity.UIActivity f$0 -> c
com.lunar.bestVPN.activity.-$$Lambda$UIActivity$QKkXCo1HKSA7R3KoRKPCm7lr7L8 -> com.lunar.bestVPN.activity.i:
    com.lunar.bestVPN.activity.UIActivity f$0 -> c
com.lunar.bestVPN.activity.-$$Lambda$UIActivity$h3Mx6l5bv0rYYWR8MRZCzdAQDaY -> com.lunar.bestVPN.activity.j:
    com.lunar.bestVPN.activity.UIActivity f$0 -> c
com.lunar.bestVPN.activity.-$$Lambda$UIActivity$i80IrHvNksSkM2cOBunfzsDmT0Q -> com.lunar.bestVPN.activity.k:
    com.lunar.bestVPN.activity.UIActivity f$0 -> a
    void onInitializationComplete(com.google.android.gms.ads.initialization.InitializationStatus) -> a
com.lunar.bestVPN.activity.-$$Lambda$UIActivity$spCwEc5Y6Zkjf41op-YrgrWNtqo -> com.lunar.bestVPN.activity.l:
    com.lunar.bestVPN.activity.UIActivity f$0 -> c
com.lunar.bestVPN.activity.-$$Lambda$UIActivity$vxZuxGnrY6C5w2fvdwA21YA7_P8 -> com.lunar.bestVPN.activity.m:
    android.app.Dialog f$0 -> c
com.lunar.bestVPN.activity.About -> com.lunar.bestVPN.activity.About:
    android.widget.TextView activity_name -> s
    android.widget.ImageView backToActivity -> r
    void lambda$onCreate$0(android.view.View) -> O
    void lambda$onCreate$0$About(android.view.View) -> P
com.lunar.bestVPN.activity.Faq -> com.lunar.bestVPN.activity.Faq:
    android.widget.TextView activity_name -> s
    android.widget.ImageView backToActivity -> r
    void lambda$onCreate$0(android.view.View) -> O
    void lambda$onCreate$0$Faq(android.view.View) -> P
...
com.anchorfree.sdk.-$$Lambda$CnlSwitchHandler$B4kxHSCMNSvuHRH5HcughWpuov0 -> com.anchorfree.sdk.e0:
    com.anchorfree.sdk.CnlSwitchHandler f$0 -> a
    java.lang.Object then(com.anchorfree.bolts.Task) -> a
com.anchorfree.sdk.-$$Lambda$CnlSwitchHandler$DCE56ZGCF5zrMdVTO9bg7DK4CqY -> com.anchorfree.sdk.f0:
    com.anchorfree.bolts.Task f$1 -> b
    com.anchorfree.sdk.CnlSwitchHandler f$0 -> a
    java.lang.Object then(com.anchorfree.bolts.Task) -> a
com.anchorfree.sdk.-$$Lambda$CnlSwitchHandler$TOQxgGcrL6ToYc11wqOnCRcS_9A -> com.anchorfree.sdk.g0:
    com.anchorfree.sdk.UnifiedSDKConfigSource f$1 -> b
    com.anchorfree.sdk.CnlSwitchHandler f$0 -> a
    void onReceiveEvent(java.lang.Object) -> a
com.anchorfree.sdk.-$$Lambda$CnlSwitchHandler$fiydZ8qJK6el-m2nakgidixudvw -> com.anchorfree.sdk.h0:
    com.anchorfree.sdk.CnlSwitchHandler f$0 -> a
    java.lang.Object then(com.anchorfree.bolts.Task) -> a
com.anchorfree.sdk.-$$Lambda$EventBus$EventsBroadcast$PZ2urF8xOIynWM2y05ElUcQ8xGA -> com.anchorfree.sdk.i0:
    android.content.Intent f$1 -> b
    com.anchorfree.sdk.EventBus$EventsBroadcast f$0 -> a
com.anchorfree.sdk.-$$Lambda$EventBus$sJh8dPdN1KkILBOmZfUaGdf4dBw -> com.anchorfree.sdk.j0:
    com.anchorfree.sdk.EventBus f$0 -> a
    com.anchorfree.sdk.BusListener f$1 -> b
com.anchorfree.sdk.-$$Lambda$FileDownloader$-aAqwrSLetc9PTh9m5-mrqFCR54 -> com.anchorfree.sdk.k0:
    com.anchorfree.sdk.FileDownloader f$0 -> a
com.anchorfree.sdk.-$$Lambda$FileDownloader$4W_UaSf_TZifhLAWq1Eih2E4Sj4 -> com.anchorfree.sdk.l0:
    com.anchorfree.sdk.FileDownloader f$0 -> a
    java.lang.Object then(com.anchorfree.bolts.Task) -> a
com.anchorfree.sdk.-$$Lambda$FileDownloader$4cBMjnz7gjYFBmoBIwvdYVSK0eU -> com.anchorfree.sdk.m0:
    com.anchorfree.sdk.FileDownloader f$0 -> a
    java.lang.String f$1 -> b
    java.lang.Object then(com.anchorfree.bolts.Task) -> a
com.anchorfree.sdk.-$$Lambda$HydraCredentialsSource$1LDVXw5AB8EgvtCCk3tp2n4DV6U -> com.anchorfree.sdk.n0:
    com.anchorfree.sdk.HydraCredentialsSource f$0 -> a
    com.anchorfree.sdk.SessionConfig f$1 -> b
    java.lang.Object then(com.anchorfree.bolts.Task) -> a
com.anchorfree.sdk.-$$Lambda$HydraCredentialsSource$4xfmbgfcmALJazoU5cMcp4Bz_R4 -> com.anchorfree.sdk.o0:
    java.io.File f$0 -> a
com.anchorfree.sdk.-$$Lambda$HydraCredentialsSource$J4llouphlZpzYh-wTAi4QdzJp1s -> com.anchorfree.sdk.p0:
    com.anchorfree.sdk.HydraCredentialsSource f$0 -> a
    com.anchorfree.partner.api.data.CallbackData f$1 -> b
    com.anchorfree.sdk.SessionConfig f$2 -> c
    com.anchorfree.vpnsdk.vpnservice.VpnParams f$3 -> d
    java.lang.Object then(com.anchorfree.bolts.Task) -> a
com.anchorfree.sdk.-$$Lambda$HydraCredentialsSource$MK1sgXfrqCjJJDWNcEs9RZo8MhQ -> com.anchorfree.sdk.q0:
    com.anchorfree.partner.api.data.CallbackData f$1 -> b
    com.anchorfree.partner.api.response.Credentials f$2 -> c
    com.anchorfree.vpnsdk.vpnservice.VpnParams f$0 -> a
    java.lang.Object then(com.anchorfree.bolts.Task) -> a
com.anchorfree.sdk.-$$Lambda$HydraCredentialsSource$NytZlEtdUULNAIUg6dxVJ_Rz8tY -> com.anchorfree.sdk.r0:
    com.anchorfree.sdk.HydraCredentialsSource f$0 -> a
    com.anchorfree.bolts.Task f$1 -> b
    com.anchorfree.sdk.SwitcherStartConfig f$2 -> c
com.anchorfree.sdk.-$$Lambda$HydraCredentialsSource$U1RVBAyFQHVwcjOQivCym3EJDKY -> com.anchorfree.sdk.s0:
    com.anchorfree.vpnsdk.callbacks.Callback f$0 -> a
    java.lang.Object then(com.anchorfree.bolts.Task) -> a
com.anchorfree.sdk.-$$Lambda$HydraCredentialsSource$aBavKEsDrXHWldBDiLBY0vZ7e7A -> com.anchorfree.sdk.t0:
    com.anchorfree.sdk.-$$Lambda$HydraCredentialsSource$aBavKEsDrXHWldBDiLBY0vZ7e7A INSTANCE -> a
    java.lang.Object then(com.anchorfree.bolts.Task) -> a