app/build/outputs/mapping/release/usage.txt
com.lunar.bestVPN.activity.MainActivity$20
com.lunar.bestVPN.R
com.lunar.bestVPN.R$drawable
com.lunar.bestVPN.activity.MainActivity$6
com.lunar.bestVPN.activity.UIActivity:
    private void handleUserLogin()
    protected abstract void isLoggedIn(com.anchorfree.vpnsdk.callbacks.Callback)
    protected abstract void loginToVpn()
    protected abstract void logOutFromVnp()
    protected abstract void chooseServer()
    com.anchorfree.vpnsdk.vpnservice.VPNState state
    private com.google.android.gms.ads.nativead.NativeAd nativeAd
    protected static final java.lang.String HELPER_TAG
com.lunar.bestVPN.activity.MainActivity$21
com.lunar.bestVPN.activity.UIActivity_ViewBinding:
    public void <init>(com.lunar.bestVPN.activity.UIActivity)
    public void unbind()
com.lunar.bestVPN.R$integer
com.lunar.bestVPN.activity.MainActivity_ViewBinding:
    public void <init>(com.lunar.bestVPN.activity.MainActivity)
    public void unbind()
com.lunar.bestVPN.R$font
com.lunar.bestVPN.dialog.RegionChooserDialog_ViewBinding:
    public void unbind()
com.lunar.bestVPN.activity.MainActivity$15
com.lunar.bestVPN.R$id
com.lunar.bestVPN.R$interpolator
com.lunar.bestVPN.R$bool
com.lunar.bestVPN.fragments.VipServersFragment_ViewBinding:
    public void unbind()
com.lunar.bestVPN.R$color
com.lunar.bestVPN.adapter.PrefManager:
    public static final java.lang.String PRF_APP_DATA
    public static final java.lang.String KEY_RATE_INDEX
    public static final java.lang.String MODE_WRITE
    public static final java.lang.String MODE_READ
    public static final java.lang.String MODE_DELETE
com.lunar.bestVPN.activity.MainActivity$14
com.lunar.bestVPN.BuildConfig
com.lunar.bestVPN.activity.SplashActivity_ViewBinding:
    public void <init>(com.lunar.bestVPN.activity.SplashActivity)
    public void unbind()
com.lunar.bestVPN.activity.MainActivity$17
com.lunar.bestVPN.activity.MainActivity$16
com.lunar.bestVPN.R$style
com.lunar.bestVPN.activity.MainActivity$11
com.lunar.bestVPN.R$xml
com.lunar.bestVPN.fragments.FreeServersFragment_ViewBinding:
    public void unbind()
com.lunar.bestVPN.activity.MainActivity$10
com.lunar.bestVPN.R$plurals
com.lunar.bestVPN.R$string
com.lunar.bestVPN.activity.MainActivity$13
com.lunar.bestVPN.R$layout
com.lunar.bestVPN.R$attr
com.lunar.bestVPN.activity.MainActivity$12
com.lunar.bestVPN.fragments.ServersFragment_ViewBinding:
    public void unbind()
com.lunar.bestVPN.adapter.AdmobAds:
    public void <init>()
com.lunar.bestVPN.adapter.RegionListAdapter$ViewHolder_ViewBinding:
    public void unbind()
com.lunar.bestVPN.R$styleable
com.lunar.bestVPN.activity.MainActivity$19
com.lunar.bestVPN.R$mipmap
com.lunar.bestVPN.activity.MainActivity$18
com.lunar.bestVPN.MainApplication:
    private static final java.lang.String CHANNEL_ID
com.lunar.bestVPN.R$raw
com.lunar.bestVPN.R$anim
com.lunar.bestVPN.Config:
    public void <init>()
    public static final java.lang.String carrierID
    public static final java.lang.String baseURL
    public static final boolean ads_subscription
com.lunar.bestVPN.dialog.RegionChooserDialog:
    public static com.lunar.bestVPN.dialog.RegionChooserDialog newInstance()
    public static final int DIALOG_QUEST_CODE
com.lunar.bestVPN.R$menu
com.lunar.bestVPN.R$dimen
com.lunar.bestVPN.utils.Converter:
    public void <init>()
com.lunar.bestVPN.activity.MainActivity$1
com.lunar.bestVPN.activity.MainActivity$2
com.lunar.bestVPN.R$animator
com.lunar.bestVPN.activity.MainActivity:
    private static synthetic void lambda$sdkMethodsList$0(android.os.Parcelable)
    protected void loginToVpn()
    protected void logOutFromVnp()
    protected void chooseServer()
    public void sdkMethodsList()
com.lunar.bestVPN.activity.MainActivity$3:
    final synthetic com.lunar.bestVPN.activity.MainActivity this$0
com.lunar.bestVPN.activity.UIActivity_ViewBinding:
    private com.lunar.bestVPN.activity.UIActivity target
...
com.google.android.gms.internal.ads.zzaay:
    public void <init>()
com.google.android.material.transition.MaterialContainerTransform$TransitionDirection
androidx.core.view.WindowCompat$Impl30
androidx.core.os.ParcelableCompat$ParcelableCompatCreatorHoneycombMR2
com.google.android.gms.common.api.internal.ListenerHolder$ListenerKey:
    void <init>(java.lang.Object,java.lang.String)
androidx.core.text.util.FindAddress$ZipRange
androidx.viewpager2.widget.ViewPager2$SmoothScrollToPosition
com.google.android.gms.common.internal.zzz
androidx.media.MediaBrowserServiceCompatApi26
com.google.android.gms.internal.ads.zzfqi:
    final boolean zzf()
com.anchorfree.vpnsdk.transporthydra.R$dimen
com.google.android.gms.common.util.SharedPreferencesUtils:
    private void <init>()
androidx.appcompat.widget.AppCompatCheckedTextView$InspectionCompanion
com.anchorfree.vpnsdk.compat.CredentialsCompat:
    public void <init>()
    public static java.lang.String getClientIp(com.anchorfree.partner.api.response.Credentials)
    public static java.lang.String getServerIp(com.anchorfree.partner.api.response.Credentials)
    public static java.util.List getServerIps(com.anchorfree.partner.api.response.Credentials)
    public static java.lang.String getServerPort(com.anchorfree.partner.api.response.Credentials)
com.google.android.material.shape.MaterialShapeDrawable:
    public static com.google.android.material.shape.MaterialShapeDrawable createWithElevationOverlay(android.content.Context)
    public void <init>(com.google.android.material.shape.ShapePathModel)
    public void setShapedViewModel(com.google.android.material.shape.ShapePathModel)
    public com.google.android.material.shape.ShapePathModel getShapedViewModel()
    public android.content.res.ColorStateList getStrokeColor()
    public android.content.res.ColorStateList getStrokeTintList()
    public void setStrokeTint(android.content.res.ColorStateList)
    public void setStrokeTint(int)
    public float getStrokeWidth()
    public boolean isPointInTransparentRegion(int,int)
    public int getShadowCompatibilityMode()
    public void setShadowCompatibilityMode(int)
    public boolean isShadowEnabled()
    public void setShadowEnabled(boolean)
    public boolean isElevationOverlayInitialized()
    public void setTranslationZ(float)
    public void setZ(float)
    public int getShadowElevation()
    public void setShadowElevation(int)
    public int getShadowVerticalOffset()
    public void setShadowBitmapDrawingEnable(boolean)
    public void setEdgeIntersectionCheckEnable(boolean)
    public void setShadowVerticalOffset(int)
    public int getShadowCompatRotation()
    public void setShadowRadius(int)
    public float getScale()
    public void setScale(float)
    public void setUseTintColorForShadow(boolean)